<?xml version="1.0" encoding="UTF-8"?>
<testsuite name="starter.CucumberTestSuite" tests="1" skipped="0" failures="0" errors="0" timestamp="2026-02-02T09:12:01" hostname="DESKTOP-TG4KUDT" time="38.088">
  <properties/>
  <testcase name="Example #1.1" classname="starter.CucumberTestSuite" time="38.088"/>
  <system-out><![CDATA[
@demoblaze
Scenario Outline: Complete purchase for demo_user with checkout index 0 ?[90m# features/purchase/demoblaze_purchase.feature:13?[0m
  ?[32mGiven ?[0m?[32mI open demoblaze home?[0m                                           ?[90m# starter.demoblaze.stepdefinitions.DemoblazeStepDefinitions.i_open_demoblaze()?[0m
  ?[32mWhen ?[0m?[32mI add the listed products for demoblaze user ?[0m?[32m?[1m"demo_user"?[0m         ?[90m# starter.demoblaze.stepdefinitions.DemoblazeStepDefinitions.i_add_products_for_user(java.lang.String)?[0m
  ?[32mAnd ?[0m?[32mI view my demoblaze cart?[0m                                          ?[90m# starter.demoblaze.stepdefinitions.DemoblazeStepDefinitions.i_view_my_cart()?[0m
  ?[32mAnd ?[0m?[32mI place order for demoblaze user ?[0m?[32m?[1m"demo_user"?[0m?[32m and index ?[0m?[32m?[1m0?[0m          ?[90m# starter.demoblaze.stepdefinitions.DemoblazeStepDefinitions.i_place_order_for_user(java.lang.String,int)?[0m
  ?[32mThen ?[0m?[32mI should see the demoblaze confirmation for user ?[0m?[32m?[1m"demo_user"?[0m     ?[90m# starter.demoblaze.stepdefinitions.DemoblazeStepDefinitions.i_should_see_confirmation(java.lang.String)?[0m
]]></system-out>
  <system-err><![CDATA[SLF4J(W): No SLF4J providers were found.
SLF4J(W): Defaulting to no-operation (NOP) logger implementation
SLF4J(W): See https://www.slf4j.org/codes.html#noProviders for further details.
SLF4J(W): Class path contains SLF4J bindings targeting slf4j-api versions 1.7.x or earlier.
SLF4J(W): Ignoring binding found at [jar:file:/C:/Users/LENOVO.USER/.gradle/caches/modules-2/files-2.1/ch.qos.logback/logback-classic/1.2.11/4741689214e9d1e8408b206506cbe76d1c6a7d60/logback-classic-1.2.11.jar!/org/slf4j/impl/StaticLoggerBinder.class]
SLF4J(W): See https://www.slf4j.org/codes.html#ignoredBindings for an explanation.
feb 02, 2026 4:12:05 A. M. org.openqa.selenium.devtools.CdpVersionFinder findNearestMatch
WARNING: Unable to find CDP implementation matching 144
feb 02, 2026 4:12:05 A. M. org.openqa.selenium.chromium.ChromiumDriver lambda$new$5
WARNING: Unable to find version of CDP to use for 144.0.7559.110. You may need to include a dependency on a specific version of the CDP using something similar to `org.seleniumhq.selenium:selenium-devtools-v86:4.27.0` where the version ("v86") matches the version of the chromium-based browser you're using and the version number of the artifact is the same as Selenium's.
]]></system-err>
</testsuite>
