<?xml version="1.0" encoding="UTF-8" standalone="no"?><testsuite errors="0" failures="1" name="Demoblaze Purchase Flow" skipped="4" tests="5" time="37.44" timestamp="2026-02-02 04:12:01"><testcase name="Complete purchase for &lt;userKey&gt; with checkout index &lt;index&gt;"><failure message="&#13;&#10;Expected: an element that is visible&#13;&#10;     but: no matching element found by [home link located with: //a[text()='Home']]" type="java.lang.AssertionError">&#13;
Expected: an element that is visible&#13;
     but: no matching element found by [home link located with: //a[text()='Home']]</failure><system-err>&#13;
Expected: an element that is visible&#13;
     but: no matching element found by [home link located with: //a[text()='Home']]&#13;
starter.demoblaze.tasks.GoHomeInteraction.performAs(GoHomeInteraction.java:23)&#13;
starter.demoblaze.tasks.AddProductToCart.lambda$product$0(AddProductToCart.java:18)&#13;
starter.demoblaze.stepdefinitions.DemoblazeStepDefinitions.i_add_products_for_user(DemoblazeStepDefinitions.java:53)&#13;
</system-err></testcase></testsuite>